<?xml version="1.0" encoding="UTF-8"?>
<coverage generated="1777927401888" clover="3.2.0">
  <project timestamp="1777927401888" name="All files">
    <metrics statements="181" coveredstatements="140" conditionals="44" coveredconditionals="26" methods="58" coveredmethods="44" elements="283" coveredelements="210" complexity="0" loc="181" ncloc="181" packages="4" files="13" classes="13"/>
    <package name="src">
      <metrics statements="3" coveredstatements="2" conditionals="4" coveredconditionals="1" methods="2" coveredmethods="1"/>
      <file name="App.jsx" path="C:\Users\olesi\PycharmProjects\lab6-clinic-solomia\web-labs\frontend\src\App.jsx">
        <metrics statements="3" coveredstatements="2" conditionals="4" coveredconditionals="1" methods="2" coveredmethods="1"/>
        <line num="13" count="1" type="stmt"/>
        <line num="15" count="1" type="stmt"/>
        <line num="39" count="0" type="stmt"/>
      </file>
    </package>
    <package name="src.api">
      <metrics statements="1" coveredstatements="1" conditionals="0" coveredconditionals="0" methods="0" coveredmethods="0"/>
      <file name="axios.js" path="C:\Users\olesi\PycharmProjects\lab6-clinic-solomia\web-labs\frontend\src\api\axios.js">
        <metrics statements="1" coveredstatements="1" conditionals="0" coveredconditionals="0" methods="0" coveredmethods="0"/>
        <line num="3" count="7" type="stmt"/>
      </file>
    </package>
    <package name="src.components">
      <metrics statements="32" coveredstatements="30" conditionals="4" coveredconditionals="4" methods="9" coveredmethods="9"/>
      <file name="BookingModal.jsx" path="C:\Users\olesi\PycharmProjects\lab6-clinic-solomia\web-labs\frontend\src\components\BookingModal.jsx">
        <metrics statements="16" coveredstatements="16" conditionals="2" coveredconditionals="2" methods="5" coveredmethods="5"/>
        <line num="5" count="3" type="stmt"/>
        <line num="6" count="11" type="stmt"/>
        <line num="11" count="11" type="stmt"/>
        <line num="13" count="11" type="stmt"/>
        <line num="14" count="2" type="stmt"/>
        <line num="15" count="2" type="stmt"/>
        <line num="16" count="2" type="stmt"/>
        <line num="17" count="2" type="stmt"/>
        <line num="24" count="1" type="stmt"/>
        <line num="25" count="1" type="stmt"/>
        <line num="28" count="1" type="stmt"/>
        <line num="30" count="2" type="stmt"/>
        <line num="34" count="11" type="stmt"/>
        <line num="48" count="1" type="stmt"/>
        <line num="59" count="1" type="stmt"/>
        <line num="69" count="1" type="stmt"/>
      </file>
      <file name="CallbackModal.jsx" path="C:\Users\olesi\PycharmProjects\lab6-clinic-solomia\web-labs\frontend\src\components\CallbackModal.jsx">
        <metrics statements="16" coveredstatements="14" conditionals="2" coveredconditionals="2" methods="4" coveredmethods="4"/>
        <line num="4" count="3" type="stmt"/>
        <line num="5" count="4" type="stmt"/>
        <line num="6" count="4" type="stmt"/>
        <line num="7" count="4" type="stmt"/>
        <line num="9" count="4" type="stmt"/>
        <line num="10" count="1" type="stmt"/>
        <line num="11" count="1" type="stmt"/>
        <line num="12" count="1" type="stmt"/>
        <line num="14" count="1" type="stmt"/>
        <line num="15" count="0" type="stmt"/>
        <line num="16" count="0" type="stmt"/>
        <line num="18" count="1" type="stmt"/>
        <line num="20" count="1" type="stmt"/>
        <line num="24" count="4" type="stmt"/>
        <line num="53" count="1" type="stmt"/>
        <line num="63" count="1" type="stmt"/>
      </file>
    </package>
    <package name="src.pages">
      <metrics statements="145" coveredstatements="107" conditionals="36" coveredconditionals="21" methods="47" coveredmethods="34"/>
      <file name="AdminRequests.jsx" path="C:\Users\olesi\PycharmProjects\lab6-clinic-solomia\web-labs\frontend\src\pages\AdminRequests.jsx">
        <metrics statements="16" coveredstatements="11" conditionals="6" coveredconditionals="3" methods="5" coveredmethods="3"/>
        <line num="4" count="2" type="stmt"/>
        <line num="5" count="1" type="stmt"/>
        <line num="6" count="1" type="stmt"/>
        <line num="7" count="1" type="stmt"/>
        <line num="9" count="1" type="stmt"/>
        <line num="10" count="1" type="stmt"/>
        <line num="11" count="1" type="stmt"/>
        <line num="13" count="1" type="stmt"/>
        <line num="14" count="0" type="stmt"/>
        <line num="15" count="0" type="stmt"/>
        <line num="16" count="0" type="stmt"/>
        <line num="18" count="1" type="stmt"/>
        <line num="21" count="1" type="stmt"/>
        <line num="24" count="1" type="stmt"/>
        <line num="41" count="0" type="stmt"/>
        <line num="65" count="0" type="stmt"/>
      </file>
      <file name="Doctors.jsx" path="C:\Users\olesi\PycharmProjects\lab6-clinic-solomia\web-labs\frontend\src\pages\Doctors.jsx">
        <metrics statements="15" coveredstatements="13" conditionals="8" coveredconditionals="7" methods="6" coveredmethods="5"/>
        <line num="5" count="2" type="stmt"/>
        <line num="6" count="3" type="stmt"/>
        <line num="7" count="3" type="stmt"/>
        <line num="8" count="3" type="stmt"/>
        <line num="10" count="3" type="stmt"/>
        <line num="11" count="1" type="stmt"/>
        <line num="12" count="1" type="stmt"/>
        <line num="13" count="1" type="stmt"/>
        <line num="14" count="1" type="stmt"/>
        <line num="16" count="0" type="stmt"/>
        <line num="20" count="1" type="stmt"/>
        <line num="23" count="3" type="stmt"/>
        <line num="51" count="2" type="stmt"/>
        <line num="68" count="1" type="stmt"/>
        <line num="80" count="0" type="stmt"/>
      </file>
      <file name="Home.jsx" path="C:\Users\olesi\PycharmProjects\lab6-clinic-solomia\web-labs\frontend\src\pages\Home.jsx">
        <metrics statements="5" coveredstatements="3" conditionals="2" coveredconditionals="1" methods="3" coveredmethods="1"/>
        <line num="5" count="2" type="stmt"/>
        <line num="6" count="2" type="stmt"/>
        <line num="7" count="2" type="stmt"/>
        <line num="21" count="0" type="stmt"/>
        <line num="86" count="0" type="stmt"/>
      </file>
      <file name="Login.jsx" path="C:\Users\olesi\PycharmProjects\lab6-clinic-solomia\web-labs\frontend\src\pages\Login.jsx">
        <metrics statements="20" coveredstatements="14" conditionals="4" coveredconditionals="1" methods="4" coveredmethods="4"/>
        <line num="5" count="2" type="stmt"/>
        <line num="6" count="4" type="stmt"/>
        <line num="7" count="4" type="stmt"/>
        <line num="8" count="4" type="stmt"/>
        <line num="9" count="4" type="stmt"/>
        <line num="11" count="4" type="stmt"/>
        <line num="12" count="1" type="stmt"/>
        <line num="13" count="1" type="stmt"/>
        <line num="15" count="1" type="stmt"/>
        <line num="16" count="1" type="stmt"/>
        <line num="17" count="0" type="stmt"/>
        <line num="18" count="0" type="stmt"/>
        <line num="20" count="0" type="stmt"/>
        <line num="22" count="0" type="cond" truecount="0" falsecount="2"/>
        <line num="23" count="0" type="stmt"/>
        <line num="25" count="0" type="stmt"/>
        <line num="29" count="1" type="stmt"/>
        <line num="33" count="4" type="stmt"/>
        <line num="54" count="1" type="stmt"/>
        <line num="67" count="1" type="stmt"/>
      </file>
      <file name="Service.jsx" path="C:\Users\olesi\PycharmProjects\lab6-clinic-solomia\web-labs\frontend\src\pages\Service.jsx">
        <metrics statements="13" coveredstatements="10" conditionals="6" coveredconditionals="4" methods="5" coveredmethods="3"/>
        <line num="4" count="2" type="stmt"/>
        <line num="5" count="1" type="stmt"/>
        <line num="6" count="1" type="stmt"/>
        <line num="8" count="1" type="stmt"/>
        <line num="9" count="1" type="stmt"/>
        <line num="10" count="1" type="stmt"/>
        <line num="11" count="1" type="stmt"/>
        <line num="12" count="0" type="stmt"/>
        <line num="14" count="1" type="stmt"/>
        <line num="18" count="1" type="stmt"/>
        <line num="21" count="1" type="stmt"/>
        <line num="48" count="0" type="stmt"/>
        <line num="57" count="0" type="stmt"/>
      </file>
      <file name="UserCreate.jsx" path="C:\Users\olesi\PycharmProjects\lab6-clinic-solomia\web-labs\frontend\src\pages\UserCreate.jsx">
        <metrics statements="19" coveredstatements="12" conditionals="2" coveredconditionals="1" methods="6" coveredmethods="4"/>
        <line num="5" count="2" type="stmt"/>
        <line num="6" count="4" type="stmt"/>
        <line num="7" count="4" type="stmt"/>
        <line num="8" count="4" type="stmt"/>
        <line num="9" count="4" type="stmt"/>
        <line num="10" count="4" type="stmt"/>
        <line num="11" count="4" type="stmt"/>
        <line num="12" count="4" type="stmt"/>
        <line num="13" count="0" type="stmt"/>
        <line num="14" count="0" type="stmt"/>
        <line num="15" count="0" type="stmt"/>
        <line num="16" count="0" type="stmt"/>
        <line num="17" count="0" type="stmt"/>
        <line num="19" count="0" type="stmt"/>
        <line num="23" count="4" type="stmt"/>
        <line num="43" count="1" type="stmt"/>
        <line num="51" count="1" type="stmt"/>
        <line num="58" count="0" type="stmt"/>
        <line num="70" count="1" type="stmt"/>
      </file>
      <file name="UserDetails.jsx" path="C:\Users\olesi\PycharmProjects\lab6-clinic-solomia\web-labs\frontend\src\pages\UserDetails.jsx">
        <metrics statements="14" coveredstatements="11" conditionals="4" coveredconditionals="2" methods="3" coveredmethods="3"/>
        <line num="5" count="2" type="stmt"/>
        <line num="6" count="1" type="stmt"/>
        <line num="7" count="1" type="stmt"/>
        <line num="8" count="1" type="stmt"/>
        <line num="10" count="1" type="stmt"/>
        <line num="11" count="1" type="stmt"/>
        <line num="12" count="1" type="stmt"/>
        <line num="13" count="1" type="stmt"/>
        <line num="14" count="0" type="stmt"/>
        <line num="16" count="0" type="stmt"/>
        <line num="20" count="1" type="stmt"/>
        <line num="23" count="1" type="cond" truecount="1" falsecount="1"/>
        <line num="24" count="1" type="cond" truecount="1" falsecount="1"/>
        <line num="26" count="0" type="stmt"/>
      </file>
      <file name="UserEdit.jsx" path="C:\Users\olesi\PycharmProjects\lab6-clinic-solomia\web-labs\frontend\src\pages\UserEdit.jsx">
        <metrics statements="25" coveredstatements="17" conditionals="2" coveredconditionals="1" methods="8" coveredmethods="4"/>
        <line num="5" count="2" type="stmt"/>
        <line num="6" count="3" type="stmt"/>
        <line num="7" count="3" type="stmt"/>
        <line num="8" count="3" type="stmt"/>
        <line num="9" count="3" type="stmt"/>
        <line num="10" count="3" type="stmt"/>
        <line num="11" count="3" type="stmt"/>
        <line num="12" count="3" type="stmt"/>
        <line num="13" count="3" type="stmt"/>
        <line num="14" count="1" type="stmt"/>
        <line num="15" count="1" type="stmt"/>
        <line num="16" count="1" type="stmt"/>
        <line num="17" count="1" type="stmt"/>
        <line num="18" count="0" type="stmt"/>
        <line num="21" count="1" type="stmt"/>
        <line num="24" count="3" type="stmt"/>
        <line num="25" count="0" type="stmt"/>
        <line num="27" count="0" type="stmt"/>
        <line num="28" count="0" type="stmt"/>
        <line num="30" count="0" type="stmt"/>
        <line num="34" count="3" type="stmt"/>
        <line num="50" count="1" type="stmt"/>
        <line num="58" count="0" type="stmt"/>
        <line num="65" count="0" type="stmt"/>
        <line num="74" count="0" type="stmt"/>
      </file>
      <file name="UsersList.jsx" path="C:\Users\olesi\PycharmProjects\lab6-clinic-solomia\web-labs\frontend\src\pages\UsersList.jsx">
        <metrics statements="18" coveredstatements="16" conditionals="2" coveredconditionals="1" methods="7" coveredmethods="7"/>
        <line num="5" count="2" type="stmt"/>
        <line num="6" count="2" type="stmt"/>
        <line num="7" count="2" type="stmt"/>
        <line num="8" count="2" type="stmt"/>
        <line num="9" count="1" type="stmt"/>
        <line num="10" count="1" type="stmt"/>
        <line num="11" count="1" type="stmt"/>
        <line num="12" count="1" type="stmt"/>
        <line num="13" count="0" type="stmt"/>
        <line num="16" count="1" type="stmt"/>
        <line num="18" count="2" type="stmt"/>
        <line num="19" count="1" type="stmt"/>
        <line num="20" count="1" type="stmt"/>
        <line num="21" count="1" type="stmt"/>
        <line num="22" count="0" type="stmt"/>
        <line num="25" count="2" type="stmt"/>
        <line num="54" count="1" type="stmt"/>
        <line num="66" count="1" type="stmt"/>
      </file>
    </package>
  </project>
</coverage>
