{"C:\\Users\\olesi\\PycharmProjects\\lab6-clinic-solomia\\web-labs\\frontend\\src\\App.jsx": {"path":"C:\\Users\\olesi\\PycharmProjects\\lab6-clinic-solomia\\web-labs\\frontend\\src\\App.jsx","statementMap":{"0":{"start":{"line":13,"column":17},"end":{"line":13,"column":49}},"1":{"start":{"line":15,"column":4},"end":{"line":60,"column":null}},"2":{"start":{"line":39,"column":49},"end":{"line":39,"column":71}},"3":{"start":{"line":39,"column":71},"end":{"line":39,"column":null}}},"fnMap":{"0":{"name":"App","decl":{"start":{"line":12,"column":9},"end":{"line":12,"column":15}},"loc":{"start":{"line":12,"column":15},"end":{"line":60,"column":null}},"line":12},"1":{"name":"(anonymous_1)","decl":{"start":{"line":39,"column":32},"end":{"line":39,"column":47}},"loc":{"start":{"line":39,"column":47},"end":{"line":39,"column":null}},"line":39}},"branchMap":{"0":{"loc":{"start":{"line":27,"column":21},"end":{"line":44,"column":null}},"type":"cond-expr","locations":[{"start":{"line":28,"column":24},"end":{"line":32,"column":null}},{"start":{"line":32,"column":24},"end":{"line":44,"column":null}}],"line":27},"1":{"loc":{"start":{"line":33,"column":29},"end":{"line":38,"column":29}},"type":"cond-expr","locations":[{"start":{"line":34,"column":32},"end":{"line":36,"column":33}},{"start":{"line":36,"column":32},"end":{"line":38,"column":29}}],"line":33}},"s":{"0":1,"1":1,"2":0,"3":0},"f":{"0":1,"1":0},"b":{"0":[1,0],"1":[0,0]},"meta":{"lastBranch":2,"lastFunction":2,"lastStatement":4,"seen":{"f:12:9:12:15":0,"s:13:17:13:49":0,"s:15:4:60:Infinity":1,"b:28:24:32:Infinity:32:24:44:Infinity":0,"b:34:32:36:33:36:32:38:29":1,"f:39:32:39:47":1,"s:39:49:39:71":2,"s:39:71:39:Infinity":3}}}
,"C:\\Users\\olesi\\PycharmProjects\\lab6-clinic-solomia\\web-labs\\frontend\\src\\api\\axios.js": {"path":"C:\\Users\\olesi\\PycharmProjects\\lab6-clinic-solomia\\web-labs\\frontend\\src\\api\\axios.js","statementMap":{"0":{"start":{"line":3,"column":12},"end":{"line":8,"column":2}}},"fnMap":{},"branchMap":{},"s":{"0":7},"f":{},"b":{},"meta":{"lastBranch":0,"lastFunction":0,"lastStatement":1,"seen":{"s:3:12:8:2":0}}}
,"C:\\Users\\olesi\\PycharmProjects\\lab6-clinic-solomia\\web-labs\\frontend\\src\\components\\BookingModal.jsx": {"path":"C:\\Users\\olesi\\PycharmProjects\\lab6-clinic-solomia\\web-labs\\frontend\\src\\components\\BookingModal.jsx","statementMap":{"0":{"start":{"line":5,"column":6},"end":{"line":92,"column":null}},"1":{"start":{"line":6,"column":21},"end":{"line":10,"column":6}},"2":{"start":{"line":11,"column":20},"end":{"line":11,"column":49}},"3":{"start":{"line":13,"column":25},"end":{"line":30,"column":null}},"4":{"start":{"line":14,"column":8},"end":{"line":14,"column":null}},"5":{"start":{"line":15,"column":8},"end":{"line":15,"column":null}},"6":{"start":{"line":16,"column":8},"end":{"line":30,"column":null}},"7":{"start":{"line":17,"column":12},"end":{"line":23,"column":null}},"8":{"start":{"line":24,"column":12},"end":{"line":24,"column":null}},"9":{"start":{"line":25,"column":12},"end":{"line":25,"column":null}},"10":{"start":{"line":28,"column":12},"end":{"line":28,"column":null}},"11":{"start":{"line":30,"column":12},"end":{"line":30,"column":null}},"12":{"start":{"line":34,"column":4},"end":{"line":92,"column":null}},"13":{"start":{"line":48,"column":45},"end":{"line":48,"column":null}},"14":{"start":{"line":59,"column":49},"end":{"line":59,"column":null}},"15":{"start":{"line":69,"column":49},"end":{"line":69,"column":null}}},"fnMap":{"0":{"name":"(anonymous_0)","decl":{"start":{"line":5,"column":6},"end":{"line":5,"column":22}},"loc":{"start":{"line":5,"column":46},"end":{"line":92,"column":null}},"line":5},"1":{"name":"(anonymous_1)","decl":{"start":{"line":13,"column":25},"end":{"line":13,"column":32}},"loc":{"start":{"line":13,"column":38},"end":{"line":30,"column":null}},"line":13},"2":{"name":"(anonymous_2)","decl":{"start":{"line":48,"column":28},"end":{"line":48,"column":39}},"loc":{"start":{"line":48,"column":45},"end":{"line":48,"column":null}},"line":48},"3":{"name":"(anonymous_3)","decl":{"start":{"line":59,"column":32},"end":{"line":59,"column":43}},"loc":{"start":{"line":59,"column":49},"end":{"line":59,"column":null}},"line":59},"4":{"name":"(anonymous_4)","decl":{"start":{"line":69,"column":32},"end":{"line":69,"column":43}},"loc":{"start":{"line":69,"column":49},"end":{"line":69,"column":null}},"line":69}},"branchMap":{"0":{"loc":{"start":{"line":87,"column":29},"end":{"line":87,"column":null}},"type":"cond-expr","locations":[{"start":{"line":87,"column":39},"end":{"line":87,"column":55}},{"start":{"line":87,"column":55},"end":{"line":87,"column":null}}],"line":87}},"s":{"0":3,"1":11,"2":11,"3":11,"4":2,"5":2,"6":2,"7":2,"8":1,"9":1,"10":1,"11":2,"12":11,"13":1,"14":1,"15":1},"f":{"0":11,"1":2,"2":1,"3":1,"4":1},"b":{"0":[2,9]},"meta":{"lastBranch":1,"lastFunction":5,"lastStatement":16,"seen":{"s:5:6:92:Infinity":0,"f:5:6:5:22":0,"s:6:21:10:6":1,"s:11:20:11:49":2,"s:13:25:30:Infinity":3,"f:13:25:13:32":1,"s:14:8:14:Infinity":4,"s:15:8:15:Infinity":5,"s:16:8:30:Infinity":6,"s:17:12:23:Infinity":7,"s:24:12:24:Infinity":8,"s:25:12:25:Infinity":9,"s:28:12:28:Infinity":10,"s:30:12:30:Infinity":11,"s:34:4:92:Infinity":12,"f:48:28:48:39":2,"s:48:45:48:Infinity":13,"f:59:32:59:43":3,"s:59:49:59:Infinity":14,"f:69:32:69:43":4,"s:69:49:69:Infinity":15,"b:87:39:87:55:87:55:87:Infinity":0}}}
,"C:\\Users\\olesi\\PycharmProjects\\lab6-clinic-solomia\\web-labs\\frontend\\src\\components\\CallbackModal.jsx": {"path":"C:\\Users\\olesi\\PycharmProjects\\lab6-clinic-solomia\\web-labs\\frontend\\src\\components\\CallbackModal.jsx","statementMap":{"0":{"start":{"line":4,"column":6},"end":{"line":78,"column":null}},"1":{"start":{"line":5,"column":17},"end":{"line":5,"column":40}},"2":{"start":{"line":6,"column":18},"end":{"line":6,"column":42}},"3":{"start":{"line":7,"column":20},"end":{"line":7,"column":49}},"4":{"start":{"line":9,"column":25},"end":{"line":20,"column":null}},"5":{"start":{"line":10,"column":8},"end":{"line":10,"column":null}},"6":{"start":{"line":11,"column":8},"end":{"line":11,"column":null}},"7":{"start":{"line":12,"column":8},"end":{"line":20,"column":null}},"8":{"start":{"line":14,"column":12},"end":{"line":14,"column":null}},"9":{"start":{"line":15,"column":12},"end":{"line":15,"column":null}},"10":{"start":{"line":16,"column":12},"end":{"line":16,"column":null}},"11":{"start":{"line":18,"column":12},"end":{"line":18,"column":null}},"12":{"start":{"line":20,"column":12},"end":{"line":20,"column":null}},"13":{"start":{"line":24,"column":4},"end":{"line":78,"column":null}},"14":{"start":{"line":53,"column":45},"end":{"line":53,"column":68}},"15":{"start":{"line":63,"column":45},"end":{"line":63,"column":69}}},"fnMap":{"0":{"name":"(anonymous_0)","decl":{"start":{"line":4,"column":6},"end":{"line":4,"column":23}},"loc":{"start":{"line":4,"column":39},"end":{"line":78,"column":null}},"line":4},"1":{"name":"(anonymous_1)","decl":{"start":{"line":9,"column":25},"end":{"line":9,"column":32}},"loc":{"start":{"line":9,"column":38},"end":{"line":20,"column":null}},"line":9},"2":{"name":"(anonymous_2)","decl":{"start":{"line":53,"column":28},"end":{"line":53,"column":39}},"loc":{"start":{"line":53,"column":45},"end":{"line":53,"column":68}},"line":53},"3":{"name":"(anonymous_3)","decl":{"start":{"line":63,"column":28},"end":{"line":63,"column":39}},"loc":{"start":{"line":63,"column":45},"end":{"line":63,"column":69}},"line":63}},"branchMap":{"0":{"loc":{"start":{"line":74,"column":25},"end":{"line":74,"column":null}},"type":"cond-expr","locations":[{"start":{"line":74,"column":35},"end":{"line":74,"column":51}},{"start":{"line":74,"column":51},"end":{"line":74,"column":null}}],"line":74}},"s":{"0":3,"1":4,"2":4,"3":4,"4":4,"5":1,"6":1,"7":1,"8":1,"9":0,"10":0,"11":1,"12":1,"13":4,"14":1,"15":1},"f":{"0":4,"1":1,"2":1,"3":1},"b":{"0":[1,3]},"meta":{"lastBranch":1,"lastFunction":4,"lastStatement":16,"seen":{"s:4:6:78:Infinity":0,"f:4:6:4:23":0,"s:5:17:5:40":1,"s:6:18:6:42":2,"s:7:20:7:49":3,"s:9:25:20:Infinity":4,"f:9:25:9:32":1,"s:10:8:10:Infinity":5,"s:11:8:11:Infinity":6,"s:12:8:20:Infinity":7,"s:14:12:14:Infinity":8,"s:15:12:15:Infinity":9,"s:16:12:16:Infinity":10,"s:18:12:18:Infinity":11,"s:20:12:20:Infinity":12,"s:24:4:78:Infinity":13,"f:53:28:53:39":2,"s:53:45:53:68":14,"f:63:28:63:39":3,"s:63:45:63:69":15,"b:74:35:74:51:74:51:74:Infinity":0}}}
,"C:\\Users\\olesi\\PycharmProjects\\lab6-clinic-solomia\\web-labs\\frontend\\src\\pages\\AdminRequests.jsx": {"path":"C:\\Users\\olesi\\PycharmProjects\\lab6-clinic-solomia\\web-labs\\frontend\\src\\pages\\AdminRequests.jsx","statementMap":{"0":{"start":{"line":4,"column":6},"end":{"line":75,"column":null}},"1":{"start":{"line":5,"column":25},"end":{"line":5,"column":56}},"2":{"start":{"line":6,"column":22},"end":{"line":6,"column":50}},"3":{"start":{"line":7,"column":18},"end":{"line":7,"column":42}},"4":{"start":{"line":9,"column":4},"end":{"line":22,"column":null}},"5":{"start":{"line":10,"column":30},"end":{"line":18,"column":null}},"6":{"start":{"line":11,"column":12},"end":{"line":18,"column":null}},"7":{"start":{"line":13,"column":31},"end":{"line":13,"column":61}},"8":{"start":{"line":14,"column":32},"end":{"line":14,"column":59}},"9":{"start":{"line":15,"column":16},"end":{"line":15,"column":null}},"10":{"start":{"line":16,"column":16},"end":{"line":16,"column":null}},"11":{"start":{"line":18,"column":16},"end":{"line":18,"column":null}},"12":{"start":{"line":21,"column":8},"end":{"line":21,"column":null}},"13":{"start":{"line":24,"column":4},"end":{"line":75,"column":null}},"14":{"start":{"line":41,"column":32},"end":{"line":49,"column":null}},"15":{"start":{"line":65,"column":32},"end":{"line":73,"column":null}}},"fnMap":{"0":{"name":"(anonymous_0)","decl":{"start":{"line":4,"column":6},"end":{"line":4,"column":28}},"loc":{"start":{"line":4,"column":28},"end":{"line":75,"column":null}},"line":4},"1":{"name":"(anonymous_1)","decl":{"start":{"line":9,"column":4},"end":{"line":9,"column":20}},"loc":{"start":{"line":9,"column":20},"end":{"line":22,"column":9}},"line":9},"2":{"name":"(anonymous_2)","decl":{"start":{"line":10,"column":30},"end":{"line":10,"column":42}},"loc":{"start":{"line":10,"column":42},"end":{"line":18,"column":null}},"line":10},"3":{"name":"(anonymous_3)","decl":{"start":{"line":40,"column":42},"end":{"line":40,"column":47}},"loc":{"start":{"line":41,"column":32},"end":{"line":49,"column":null}},"line":41},"4":{"name":"(anonymous_4)","decl":{"start":{"line":64,"column":39},"end":{"line":64,"column":44}},"loc":{"start":{"line":65,"column":32},"end":{"line":73,"column":null}},"line":65}},"branchMap":{"0":{"loc":{"start":{"line":28,"column":13},"end":{"line":28,"column":null}},"type":"binary-expr","locations":[{"start":{"line":28,"column":13},"end":{"line":28,"column":22}},{"start":{"line":28,"column":22},"end":{"line":28,"column":null}}],"line":28},"1":{"loc":{"start":{"line":36,"column":21},"end":{"line":51,"column":null}},"type":"cond-expr","locations":[{"start":{"line":37,"column":24},"end":{"line":39,"column":25}},{"start":{"line":39,"column":24},"end":{"line":51,"column":null}}],"line":36},"2":{"loc":{"start":{"line":60,"column":21},"end":{"line":75,"column":null}},"type":"cond-expr","locations":[{"start":{"line":61,"column":24},"end":{"line":63,"column":25}},{"start":{"line":63,"column":24},"end":{"line":75,"column":null}}],"line":60}},"s":{"0":2,"1":1,"2":1,"3":1,"4":1,"5":1,"6":1,"7":1,"8":0,"9":0,"10":0,"11":1,"12":1,"13":1,"14":0,"15":0},"f":{"0":1,"1":1,"2":1,"3":0,"4":0},"b":{"0":[1,0],"1":[1,0],"2":[1,0]},"meta":{"lastBranch":3,"lastFunction":5,"lastStatement":16,"seen":{"s:4:6:75:Infinity":0,"f:4:6:4:28":0,"s:5:25:5:56":1,"s:6:22:6:50":2,"s:7:18:7:42":3,"s:9:4:22:Infinity":4,"f:9:4:9:20":1,"s:10:30:18:Infinity":5,"f:10:30:10:42":2,"s:11:12:18:Infinity":6,"s:13:31:13:61":7,"s:14:32:14:59":8,"s:15:16:15:Infinity":9,"s:16:16:16:Infinity":10,"s:18:16:18:Infinity":11,"s:21:8:21:Infinity":12,"s:24:4:75:Infinity":13,"b:28:13:28:22:28:22:28:Infinity":0,"b:37:24:39:25:39:24:51:Infinity":1,"f:40:42:40:47":3,"s:41:32:49:Infinity":14,"b:61:24:63:25:63:24:75:Infinity":2,"f:64:39:64:44":4,"s:65:32:73:Infinity":15}}}
,"C:\\Users\\olesi\\PycharmProjects\\lab6-clinic-solomia\\web-labs\\frontend\\src\\pages\\Doctors.jsx": {"path":"C:\\Users\\olesi\\PycharmProjects\\lab6-clinic-solomia\\web-labs\\frontend\\src\\pages\\Doctors.jsx","statementMap":{"0":{"start":{"line":5,"column":6},"end":{"line":81,"column":null}},"1":{"start":{"line":6,"column":20},"end":{"line":6,"column":46}},"2":{"start":{"line":7,"column":18},"end":{"line":7,"column":42}},"3":{"start":{"line":8,"column":27},"end":{"line":8,"column":62}},"4":{"start":{"line":10,"column":4},"end":{"line":21,"column":null}},"5":{"start":{"line":11,"column":29},"end":{"line":16,"column":null}},"6":{"start":{"line":12,"column":12},"end":{"line":16,"column":null}},"7":{"start":{"line":13,"column":33},"end":{"line":13,"column":58}},"8":{"start":{"line":14,"column":16},"end":{"line":14,"column":null}},"9":{"start":{"line":16,"column":16},"end":{"line":16,"column":null}},"10":{"start":{"line":20,"column":8},"end":{"line":20,"column":null}},"11":{"start":{"line":23,"column":4},"end":{"line":81,"column":null}},"12":{"start":{"line":51,"column":28},"end":{"line":74,"column":null}},"13":{"start":{"line":68,"column":55},"end":{"line":68,"column":80}},"14":{"start":{"line":80,"column":71},"end":{"line":80,"column":null}}},"fnMap":{"0":{"name":"(anonymous_0)","decl":{"start":{"line":5,"column":6},"end":{"line":5,"column":22}},"loc":{"start":{"line":5,"column":22},"end":{"line":81,"column":null}},"line":5},"1":{"name":"(anonymous_1)","decl":{"start":{"line":10,"column":4},"end":{"line":10,"column":20}},"loc":{"start":{"line":10,"column":20},"end":{"line":21,"column":9}},"line":10},"2":{"name":"(anonymous_2)","decl":{"start":{"line":11,"column":29},"end":{"line":11,"column":41}},"loc":{"start":{"line":11,"column":41},"end":{"line":16,"column":null}},"line":11},"3":{"name":"(anonymous_3)","decl":{"start":{"line":50,"column":33},"end":{"line":50,"column":38}},"loc":{"start":{"line":51,"column":28},"end":{"line":74,"column":null}},"line":51},"4":{"name":"(anonymous_4)","decl":{"start":{"line":68,"column":40},"end":{"line":68,"column":55}},"loc":{"start":{"line":68,"column":55},"end":{"line":68,"column":80}},"line":68},"5":{"name":"(anonymous_5)","decl":{"start":{"line":80,"column":56},"end":{"line":80,"column":71}},"loc":{"start":{"line":80,"column":71},"end":{"line":80,"column":null}},"line":80}},"branchMap":{"0":{"loc":{"start":{"line":38,"column":17},"end":{"line":44,"column":25}},"type":"binary-expr","locations":[{"start":{"line":38,"column":17},"end":{"line":38,"column":null}},{"start":{"line":39,"column":20},"end":{"line":44,"column":25}}],"line":38},"1":{"loc":{"start":{"line":44,"column":17},"end":{"line":76,"column":null}},"type":"cond-expr","locations":[{"start":{"line":45,"column":20},"end":{"line":49,"column":21}},{"start":{"line":49,"column":20},"end":{"line":76,"column":null}}],"line":44},"2":{"loc":{"start":{"line":44,"column":17},"end":{"line":44,"column":null}},"type":"binary-expr","locations":[{"start":{"line":44,"column":17},"end":{"line":44,"column":41}},{"start":{"line":44,"column":41},"end":{"line":44,"column":null}}],"line":44},"3":{"loc":{"start":{"line":79,"column":13},"end":{"line":81,"column":null}},"type":"binary-expr","locations":[{"start":{"line":79,"column":13},"end":{"line":79,"column":null}},{"start":{"line":80,"column":16},"end":{"line":81,"column":null}}],"line":79}},"s":{"0":2,"1":3,"2":3,"3":3,"4":3,"5":1,"6":1,"7":1,"8":1,"9":0,"10":1,"11":3,"12":2,"13":1,"14":0},"f":{"0":3,"1":1,"2":1,"3":2,"4":1,"5":0},"b":{"0":[3,0],"1":[1,2],"2":[3,1],"3":[3,1]},"meta":{"lastBranch":4,"lastFunction":6,"lastStatement":15,"seen":{"s:5:6:81:Infinity":0,"f:5:6:5:22":0,"s:6:20:6:46":1,"s:7:18:7:42":2,"s:8:27:8:62":3,"s:10:4:21:Infinity":4,"f:10:4:10:20":1,"s:11:29:16:Infinity":5,"f:11:29:11:41":2,"s:12:12:16:Infinity":6,"s:13:33:13:58":7,"s:14:16:14:Infinity":8,"s:16:16:16:Infinity":9,"s:20:8:20:Infinity":10,"s:23:4:81:Infinity":11,"b:38:17:38:Infinity:39:20:44:25":0,"b:45:20:49:21:49:20:76:Infinity":1,"b:44:17:44:41:44:41:44:Infinity":2,"f:50:33:50:38":3,"s:51:28:74:Infinity":12,"f:68:40:68:55":4,"s:68:55:68:80":13,"b:79:13:79:Infinity:80:16:81:Infinity":3,"f:80:56:80:71":5,"s:80:71:80:Infinity":14}}}
,"C:\\Users\\olesi\\PycharmProjects\\lab6-clinic-solomia\\web-labs\\frontend\\src\\pages\\Home.jsx": {"path":"C:\\Users\\olesi\\PycharmProjects\\lab6-clinic-solomia\\web-labs\\frontend\\src\\pages\\Home.jsx","statementMap":{"0":{"start":{"line":5,"column":6},"end":{"line":86,"column":null}},"1":{"start":{"line":6,"column":27},"end":{"line":6,"column":63}},"2":{"start":{"line":7,"column":4},"end":{"line":86,"column":null}},"3":{"start":{"line":21,"column":43},"end":{"line":21,"column":66}},"4":{"start":{"line":86,"column":46},"end":{"line":86,"column":70}}},"fnMap":{"0":{"name":"(anonymous_0)","decl":{"start":{"line":5,"column":6},"end":{"line":5,"column":19}},"loc":{"start":{"line":5,"column":19},"end":{"line":86,"column":null}},"line":5},"1":{"name":"(anonymous_1)","decl":{"start":{"line":21,"column":28},"end":{"line":21,"column":43}},"loc":{"start":{"line":21,"column":43},"end":{"line":21,"column":66}},"line":21},"2":{"name":"(anonymous_2)","decl":{"start":{"line":86,"column":31},"end":{"line":86,"column":46}},"loc":{"start":{"line":86,"column":46},"end":{"line":86,"column":70}},"line":86}},"branchMap":{"0":{"loc":{"start":{"line":85,"column":13},"end":{"line":86,"column":null}},"type":"binary-expr","locations":[{"start":{"line":85,"column":13},"end":{"line":85,"column":null}},{"start":{"line":86,"column":16},"end":{"line":86,"column":null}}],"line":85}},"s":{"0":2,"1":2,"2":2,"3":0,"4":0},"f":{"0":2,"1":0,"2":0},"b":{"0":[2,0]},"meta":{"lastBranch":1,"lastFunction":3,"lastStatement":5,"seen":{"s:5:6:86:Infinity":0,"f:5:6:5:19":0,"s:6:27:6:63":1,"s:7:4:86:Infinity":2,"f:21:28:21:43":1,"s:21:43:21:66":3,"b:85:13:85:Infinity:86:16:86:Infinity":0,"f:86:31:86:46":2,"s:86:46:86:70":4}}}
,"C:\\Users\\olesi\\PycharmProjects\\lab6-clinic-solomia\\web-labs\\frontend\\src\\pages\\Login.jsx": {"path":"C:\\Users\\olesi\\PycharmProjects\\lab6-clinic-solomia\\web-labs\\frontend\\src\\pages\\Login.jsx","statementMap":{"0":{"start":{"line":5,"column":6},"end":{"line":81,"column":null}},"1":{"start":{"line":6,"column":18},"end":{"line":6,"column":42}},"2":{"start":{"line":7,"column":21},"end":{"line":7,"column":48}},"3":{"start":{"line":8,"column":18},"end":{"line":8,"column":42}},"4":{"start":{"line":9,"column":10},"end":{"line":9,"column":34}},"5":{"start":{"line":11,"column":24},"end":{"line":29,"column":null}},"6":{"start":{"line":12,"column":8},"end":{"line":12,"column":null}},"7":{"start":{"line":13,"column":8},"end":{"line":13,"column":null}},"8":{"start":{"line":15,"column":8},"end":{"line":29,"column":null}},"9":{"start":{"line":16,"column":29},"end":{"line":16,"column":74}},"10":{"start":{"line":17,"column":29},"end":{"line":17,"column":null}},"11":{"start":{"line":18,"column":27},"end":{"line":18,"column":null}},"12":{"start":{"line":20,"column":12},"end":{"line":20,"column":null}},"13":{"start":{"line":22,"column":12},"end":{"line":25,"column":null}},"14":{"start":{"line":23,"column":16},"end":{"line":23,"column":null}},"15":{"start":{"line":25,"column":16},"end":{"line":25,"column":null}},"16":{"start":{"line":29,"column":12},"end":{"line":29,"column":null}},"17":{"start":{"line":33,"column":4},"end":{"line":81,"column":null}},"18":{"start":{"line":54,"column":45},"end":{"line":54,"column":69}},"19":{"start":{"line":67,"column":45},"end":{"line":67,"column":72}}},"fnMap":{"0":{"name":"(anonymous_0)","decl":{"start":{"line":5,"column":6},"end":{"line":5,"column":20}},"loc":{"start":{"line":5,"column":20},"end":{"line":81,"column":null}},"line":5},"1":{"name":"(anonymous_1)","decl":{"start":{"line":11,"column":24},"end":{"line":11,"column":31}},"loc":{"start":{"line":11,"column":37},"end":{"line":29,"column":null}},"line":11},"2":{"name":"(anonymous_2)","decl":{"start":{"line":54,"column":28},"end":{"line":54,"column":39}},"loc":{"start":{"line":54,"column":45},"end":{"line":54,"column":69}},"line":54},"3":{"name":"(anonymous_3)","decl":{"start":{"line":67,"column":28},"end":{"line":67,"column":39}},"loc":{"start":{"line":67,"column":45},"end":{"line":67,"column":72}},"line":67}},"branchMap":{"0":{"loc":{"start":{"line":22,"column":12},"end":{"line":25,"column":null}},"type":"if","locations":[{"start":{"line":22,"column":12},"end":{"line":25,"column":null}},{"start":{"line":24,"column":19},"end":{"line":25,"column":null}}],"line":22},"1":{"loc":{"start":{"line":40,"column":17},"end":{"line":43,"column":null}},"type":"binary-expr","locations":[{"start":{"line":40,"column":17},"end":{"line":40,"column":null}},{"start":{"line":41,"column":20},"end":{"line":43,"column":null}}],"line":40}},"s":{"0":2,"1":4,"2":4,"3":4,"4":4,"5":4,"6":1,"7":1,"8":1,"9":1,"10":0,"11":0,"12":0,"13":0,"14":0,"15":0,"16":1,"17":4,"18":1,"19":1},"f":{"0":4,"1":1,"2":1,"3":1},"b":{"0":[0,0],"1":[4,0]},"meta":{"lastBranch":2,"lastFunction":4,"lastStatement":20,"seen":{"s:5:6:81:Infinity":0,"f:5:6:5:20":0,"s:6:18:6:42":1,"s:7:21:7:48":2,"s:8:18:8:42":3,"s:9:10:9:34":4,"s:11:24:29:Infinity":5,"f:11:24:11:31":1,"s:12:8:12:Infinity":6,"s:13:8:13:Infinity":7,"s:15:8:29:Infinity":8,"s:16:29:16:74":9,"s:17:29:17:Infinity":10,"s:18:27:18:Infinity":11,"s:20:12:20:Infinity":12,"b:22:12:25:Infinity:24:19:25:Infinity":0,"s:22:12:25:Infinity":13,"s:23:16:23:Infinity":14,"s:25:16:25:Infinity":15,"s:29:12:29:Infinity":16,"s:33:4:81:Infinity":17,"b:40:17:40:Infinity:41:20:43:Infinity":1,"f:54:28:54:39":2,"s:54:45:54:69":18,"f:67:28:67:39":3,"s:67:45:67:72":19}}}
,"C:\\Users\\olesi\\PycharmProjects\\lab6-clinic-solomia\\web-labs\\frontend\\src\\pages\\Service.jsx": {"path":"C:\\Users\\olesi\\PycharmProjects\\lab6-clinic-solomia\\web-labs\\frontend\\src\\pages\\Service.jsx","statementMap":{"0":{"start":{"line":4,"column":6},"end":{"line":72,"column":null}},"1":{"start":{"line":5,"column":25},"end":{"line":5,"column":56}},"2":{"start":{"line":6,"column":18},"end":{"line":6,"column":42}},"3":{"start":{"line":8,"column":4},"end":{"line":19,"column":null}},"4":{"start":{"line":9,"column":30},"end":{"line":14,"column":null}},"5":{"start":{"line":10,"column":12},"end":{"line":14,"column":null}},"6":{"start":{"line":11,"column":33},"end":{"line":11,"column":59}},"7":{"start":{"line":12,"column":16},"end":{"line":12,"column":null}},"8":{"start":{"line":14,"column":16},"end":{"line":14,"column":null}},"9":{"start":{"line":18,"column":8},"end":{"line":18,"column":null}},"10":{"start":{"line":21,"column":4},"end":{"line":72,"column":null}},"11":{"start":{"line":48,"column":28},"end":{"line":70,"column":null}},"12":{"start":{"line":57,"column":40},"end":{"line":67,"column":null}}},"fnMap":{"0":{"name":"(anonymous_0)","decl":{"start":{"line":4,"column":6},"end":{"line":4,"column":23}},"loc":{"start":{"line":4,"column":23},"end":{"line":72,"column":null}},"line":4},"1":{"name":"(anonymous_1)","decl":{"start":{"line":8,"column":4},"end":{"line":8,"column":20}},"loc":{"start":{"line":8,"column":20},"end":{"line":19,"column":9}},"line":8},"2":{"name":"(anonymous_2)","decl":{"start":{"line":9,"column":30},"end":{"line":9,"column":42}},"loc":{"start":{"line":9,"column":42},"end":{"line":14,"column":null}},"line":9},"3":{"name":"(anonymous_3)","decl":{"start":{"line":47,"column":38},"end":{"line":47,"column":43}},"loc":{"start":{"line":48,"column":28},"end":{"line":70,"column":null}},"line":48},"4":{"name":"(anonymous_4)","decl":{"start":{"line":56,"column":57},"end":{"line":56,"column":62}},"loc":{"start":{"line":57,"column":40},"end":{"line":67,"column":null}},"line":57}},"branchMap":{"0":{"loc":{"start":{"line":35,"column":17},"end":{"line":41,"column":30}},"type":"binary-expr","locations":[{"start":{"line":35,"column":17},"end":{"line":35,"column":null}},{"start":{"line":36,"column":20},"end":{"line":41,"column":30}}],"line":35},"1":{"loc":{"start":{"line":41,"column":17},"end":{"line":72,"column":null}},"type":"cond-expr","locations":[{"start":{"line":42,"column":20},"end":{"line":46,"column":21}},{"start":{"line":46,"column":20},"end":{"line":72,"column":null}}],"line":41},"2":{"loc":{"start":{"line":41,"column":17},"end":{"line":41,"column":null}},"type":"binary-expr","locations":[{"start":{"line":41,"column":17},"end":{"line":41,"column":46}},{"start":{"line":41,"column":46},"end":{"line":41,"column":null}}],"line":41}},"s":{"0":2,"1":1,"2":1,"3":1,"4":1,"5":1,"6":1,"7":0,"8":1,"9":1,"10":1,"11":0,"12":0},"f":{"0":1,"1":1,"2":1,"3":0,"4":0},"b":{"0":[1,0],"1":[1,0],"2":[1,1]},"meta":{"lastBranch":3,"lastFunction":5,"lastStatement":13,"seen":{"s:4:6:72:Infinity":0,"f:4:6:4:23":0,"s:5:25:5:56":1,"s:6:18:6:42":2,"s:8:4:19:Infinity":3,"f:8:4:8:20":1,"s:9:30:14:Infinity":4,"f:9:30:9:42":2,"s:10:12:14:Infinity":5,"s:11:33:11:59":6,"s:12:16:12:Infinity":7,"s:14:16:14:Infinity":8,"s:18:8:18:Infinity":9,"s:21:4:72:Infinity":10,"b:35:17:35:Infinity:36:20:41:30":0,"b:42:20:46:21:46:20:72:Infinity":1,"b:41:17:41:46:41:46:41:Infinity":2,"f:47:38:47:43":3,"s:48:28:70:Infinity":11,"f:56:57:56:62":4,"s:57:40:67:Infinity":12}}}
,"C:\\Users\\olesi\\PycharmProjects\\lab6-clinic-solomia\\web-labs\\frontend\\src\\pages\\UserCreate.jsx": {"path":"C:\\Users\\olesi\\PycharmProjects\\lab6-clinic-solomia\\web-labs\\frontend\\src\\pages\\UserCreate.jsx","statementMap":{"0":{"start":{"line":5,"column":6},"end":{"line":82,"column":null}},"1":{"start":{"line":6,"column":17},"end":{"line":6,"column":40}},"2":{"start":{"line":7,"column":18},"end":{"line":7,"column":42}},"3":{"start":{"line":8,"column":17},"end":{"line":8,"column":44}},"4":{"start":{"line":9,"column":21},"end":{"line":9,"column":48}},"5":{"start":{"line":10,"column":18},"end":{"line":10,"column":42}},"6":{"start":{"line":11,"column":10},"end":{"line":11,"column":34}},"7":{"start":{"line":12,"column":25},"end":{"line":19,"column":null}},"8":{"start":{"line":13,"column":8},"end":{"line":13,"column":28}},"9":{"start":{"line":13,"column":28},"end":{"line":13,"column":null}},"10":{"start":{"line":14,"column":24},"end":{"line":14,"column":null}},"11":{"start":{"line":15,"column":8},"end":{"line":19,"column":null}},"12":{"start":{"line":16,"column":12},"end":{"line":16,"column":null}},"13":{"start":{"line":17,"column":12},"end":{"line":17,"column":null}},"14":{"start":{"line":19,"column":12},"end":{"line":19,"column":null}},"15":{"start":{"line":23,"column":4},"end":{"line":82,"column":null}},"16":{"start":{"line":43,"column":45},"end":{"line":43,"column":68}},"17":{"start":{"line":51,"column":45},"end":{"line":51,"column":69}},"18":{"start":{"line":58,"column":58},"end":{"line":58,"column":81}},"19":{"start":{"line":70,"column":62},"end":{"line":70,"column":89}}},"fnMap":{"0":{"name":"(anonymous_0)","decl":{"start":{"line":5,"column":6},"end":{"line":5,"column":25}},"loc":{"start":{"line":5,"column":25},"end":{"line":82,"column":null}},"line":5},"1":{"name":"(anonymous_1)","decl":{"start":{"line":12,"column":25},"end":{"line":12,"column":32}},"loc":{"start":{"line":12,"column":38},"end":{"line":19,"column":null}},"line":12},"2":{"name":"(anonymous_2)","decl":{"start":{"line":43,"column":28},"end":{"line":43,"column":39}},"loc":{"start":{"line":43,"column":45},"end":{"line":43,"column":68}},"line":43},"3":{"name":"(anonymous_3)","decl":{"start":{"line":51,"column":28},"end":{"line":51,"column":39}},"loc":{"start":{"line":51,"column":45},"end":{"line":51,"column":69}},"line":51},"4":{"name":"(anonymous_4)","decl":{"start":{"line":58,"column":41},"end":{"line":58,"column":52}},"loc":{"start":{"line":58,"column":58},"end":{"line":58,"column":81}},"line":58},"5":{"name":"(anonymous_5)","decl":{"start":{"line":70,"column":45},"end":{"line":70,"column":56}},"loc":{"start":{"line":70,"column":62},"end":{"line":70,"column":89}},"line":70}},"branchMap":{"0":{"loc":{"start":{"line":32,"column":17},"end":{"line":35,"column":null}},"type":"binary-expr","locations":[{"start":{"line":32,"column":17},"end":{"line":32,"column":null}},{"start":{"line":33,"column":20},"end":{"line":35,"column":null}}],"line":32}},"s":{"0":2,"1":4,"2":4,"3":4,"4":4,"5":4,"6":4,"7":4,"8":0,"9":0,"10":0,"11":0,"12":0,"13":0,"14":0,"15":4,"16":1,"17":1,"18":0,"19":1},"f":{"0":4,"1":0,"2":1,"3":1,"4":0,"5":1},"b":{"0":[4,0]},"meta":{"lastBranch":1,"lastFunction":6,"lastStatement":20,"seen":{"s:5:6:82:Infinity":0,"f:5:6:5:25":0,"s:6:17:6:40":1,"s:7:18:7:42":2,"s:8:17:8:44":3,"s:9:21:9:48":4,"s:10:18:10:42":5,"s:11:10:11:34":6,"s:12:25:19:Infinity":7,"f:12:25:12:32":1,"s:13:8:13:28":8,"s:13:28:13:Infinity":9,"s:14:24:14:Infinity":10,"s:15:8:19:Infinity":11,"s:16:12:16:Infinity":12,"s:17:12:17:Infinity":13,"s:19:12:19:Infinity":14,"s:23:4:82:Infinity":15,"b:32:17:32:Infinity:33:20:35:Infinity":0,"f:43:28:43:39":2,"s:43:45:43:68":16,"f:51:28:51:39":3,"s:51:45:51:69":17,"f:58:41:58:52":4,"s:58:58:58:81":18,"f:70:45:70:56":5,"s:70:62:70:89":19}}}
,"C:\\Users\\olesi\\PycharmProjects\\lab6-clinic-solomia\\web-labs\\frontend\\src\\pages\\UserDetails.jsx": {"path":"C:\\Users\\olesi\\PycharmProjects\\lab6-clinic-solomia\\web-labs\\frontend\\src\\pages\\UserDetails.jsx","statementMap":{"0":{"start":{"line":5,"column":6},"end":{"line":66,"column":null}},"1":{"start":{"line":6,"column":12},"end":{"line":6,"column":30}},"2":{"start":{"line":7,"column":17},"end":{"line":7,"column":42}},"3":{"start":{"line":8,"column":18},"end":{"line":8,"column":42}},"4":{"start":{"line":10,"column":4},"end":{"line":21,"column":null}},"5":{"start":{"line":11,"column":26},"end":{"line":16,"column":null}},"6":{"start":{"line":12,"column":12},"end":{"line":16,"column":null}},"7":{"start":{"line":13,"column":33},"end":{"line":13,"column":62}},"8":{"start":{"line":14,"column":16},"end":{"line":14,"column":null}},"9":{"start":{"line":16,"column":16},"end":{"line":16,"column":null}},"10":{"start":{"line":20,"column":8},"end":{"line":20,"column":null}},"11":{"start":{"line":23,"column":4},"end":{"line":23,"column":null}},"12":{"start":{"line":23,"column":15},"end":{"line":23,"column":null}},"13":{"start":{"line":24,"column":4},"end":{"line":24,"column":null}},"14":{"start":{"line":24,"column":15},"end":{"line":24,"column":null}},"15":{"start":{"line":26,"column":4},"end":{"line":66,"column":null}}},"fnMap":{"0":{"name":"(anonymous_0)","decl":{"start":{"line":5,"column":6},"end":{"line":5,"column":26}},"loc":{"start":{"line":5,"column":26},"end":{"line":66,"column":null}},"line":5},"1":{"name":"(anonymous_1)","decl":{"start":{"line":10,"column":4},"end":{"line":10,"column":20}},"loc":{"start":{"line":10,"column":20},"end":{"line":21,"column":8}},"line":10},"2":{"name":"(anonymous_2)","decl":{"start":{"line":11,"column":26},"end":{"line":11,"column":38}},"loc":{"start":{"line":11,"column":38},"end":{"line":16,"column":null}},"line":11}},"branchMap":{"0":{"loc":{"start":{"line":23,"column":4},"end":{"line":23,"column":null}},"type":"if","locations":[{"start":{"line":23,"column":4},"end":{"line":23,"column":null}},{"start":{},"end":{}}],"line":23},"1":{"loc":{"start":{"line":24,"column":4},"end":{"line":24,"column":null}},"type":"if","locations":[{"start":{"line":24,"column":4},"end":{"line":24,"column":null}},{"start":{},"end":{}}],"line":24}},"s":{"0":2,"1":1,"2":1,"3":1,"4":1,"5":1,"6":1,"7":1,"8":0,"9":0,"10":1,"11":1,"12":0,"13":1,"14":1,"15":0},"f":{"0":1,"1":1,"2":1},"b":{"0":[0,1],"1":[1,0]},"meta":{"lastBranch":2,"lastFunction":3,"lastStatement":16,"seen":{"s:5:6:66:Infinity":0,"f:5:6:5:26":0,"s:6:12:6:30":1,"s:7:17:7:42":2,"s:8:18:8:42":3,"s:10:4:21:Infinity":4,"f:10:4:10:20":1,"s:11:26:16:Infinity":5,"f:11:26:11:38":2,"s:12:12:16:Infinity":6,"s:13:33:13:62":7,"s:14:16:14:Infinity":8,"s:16:16:16:Infinity":9,"s:20:8:20:Infinity":10,"b:23:4:23:Infinity:undefined:undefined:undefined:undefined":0,"s:23:4:23:Infinity":11,"s:23:15:23:Infinity":12,"b:24:4:24:Infinity:undefined:undefined:undefined:undefined":1,"s:24:4:24:Infinity":13,"s:24:15:24:Infinity":14,"s:26:4:66:Infinity":15}}}
,"C:\\Users\\olesi\\PycharmProjects\\lab6-clinic-solomia\\web-labs\\frontend\\src\\pages\\UserEdit.jsx": {"path":"C:\\Users\\olesi\\PycharmProjects\\lab6-clinic-solomia\\web-labs\\frontend\\src\\pages\\UserEdit.jsx","statementMap":{"0":{"start":{"line":5,"column":6},"end":{"line":85,"column":null}},"1":{"start":{"line":6,"column":12},"end":{"line":6,"column":30}},"2":{"start":{"line":7,"column":10},"end":{"line":7,"column":34}},"3":{"start":{"line":8,"column":17},"end":{"line":8,"column":40}},"4":{"start":{"line":9,"column":18},"end":{"line":9,"column":42}},"5":{"start":{"line":10,"column":17},"end":{"line":10,"column":44}},"6":{"start":{"line":11,"column":21},"end":{"line":11,"column":48}},"7":{"start":{"line":12,"column":18},"end":{"line":12,"column":42}},"8":{"start":{"line":13,"column":4},"end":{"line":22,"column":null}},"9":{"start":{"line":14,"column":26},"end":{"line":18,"column":null}},"10":{"start":{"line":15,"column":12},"end":{"line":18,"column":null}},"11":{"start":{"line":16,"column":33},"end":{"line":16,"column":62}},"12":{"start":{"line":17,"column":29},"end":{"line":17,"column":44}},"13":{"start":{"line":17,"column":44},"end":{"line":17,"column":64}},"14":{"start":{"line":17,"column":64},"end":{"line":17,"column":86}},"15":{"start":{"line":17,"column":86},"end":{"line":17,"column":null}},"16":{"start":{"line":18,"column":22},"end":{"line":18,"column":null}},"17":{"start":{"line":21,"column":8},"end":{"line":21,"column":null}},"18":{"start":{"line":24,"column":25},"end":{"line":30,"column":null}},"19":{"start":{"line":24,"column":40},"end":{"line":24,"column":60}},"20":{"start":{"line":24,"column":60},"end":{"line":24,"column":null}},"21":{"start":{"line":25,"column":28},"end":{"line":25,"column":null}},"22":{"start":{"line":27,"column":8},"end":{"line":30,"column":null}},"23":{"start":{"line":28,"column":12},"end":{"line":28,"column":56}},"24":{"start":{"line":28,"column":56},"end":{"line":28,"column":null}},"25":{"start":{"line":30,"column":12},"end":{"line":30,"column":null}},"26":{"start":{"line":34,"column":4},"end":{"line":85,"column":null}},"27":{"start":{"line":50,"column":79},"end":{"line":50,"column":102}},"28":{"start":{"line":58,"column":81},"end":{"line":58,"column":105}},"29":{"start":{"line":65,"column":58},"end":{"line":65,"column":81}},"30":{"start":{"line":74,"column":87},"end":{"line":74,"column":114}}},"fnMap":{"0":{"name":"(anonymous_0)","decl":{"start":{"line":5,"column":6},"end":{"line":5,"column":23}},"loc":{"start":{"line":5,"column":23},"end":{"line":85,"column":null}},"line":5},"1":{"name":"(anonymous_1)","decl":{"start":{"line":13,"column":4},"end":{"line":13,"column":20}},"loc":{"start":{"line":13,"column":20},"end":{"line":22,"column":8}},"line":13},"2":{"name":"(anonymous_2)","decl":{"start":{"line":14,"column":26},"end":{"line":14,"column":38}},"loc":{"start":{"line":14,"column":38},"end":{"line":18,"column":null}},"line":14},"3":{"name":"(anonymous_3)","decl":{"start":{"line":24,"column":25},"end":{"line":24,"column":32}},"loc":{"start":{"line":24,"column":38},"end":{"line":30,"column":null}},"line":24},"4":{"name":"(anonymous_4)","decl":{"start":{"line":50,"column":62},"end":{"line":50,"column":73}},"loc":{"start":{"line":50,"column":79},"end":{"line":50,"column":102}},"line":50},"5":{"name":"(anonymous_5)","decl":{"start":{"line":58,"column":64},"end":{"line":58,"column":75}},"loc":{"start":{"line":58,"column":81},"end":{"line":58,"column":105}},"line":58},"6":{"name":"(anonymous_6)","decl":{"start":{"line":65,"column":41},"end":{"line":65,"column":52}},"loc":{"start":{"line":65,"column":58},"end":{"line":65,"column":81}},"line":65},"7":{"name":"(anonymous_7)","decl":{"start":{"line":74,"column":70},"end":{"line":74,"column":81}},"loc":{"start":{"line":74,"column":87},"end":{"line":74,"column":114}},"line":74}},"branchMap":{"0":{"loc":{"start":{"line":42,"column":17},"end":{"line":43,"column":null}},"type":"binary-expr","locations":[{"start":{"line":42,"column":17},"end":{"line":42,"column":null}},{"start":{"line":43,"column":20},"end":{"line":43,"column":null}}],"line":42}},"s":{"0":2,"1":3,"2":3,"3":3,"4":3,"5":3,"6":3,"7":3,"8":3,"9":1,"10":1,"11":1,"12":1,"13":1,"14":1,"15":1,"16":0,"17":1,"18":3,"19":0,"20":0,"21":0,"22":0,"23":0,"24":0,"25":0,"26":3,"27":1,"28":0,"29":0,"30":0},"f":{"0":3,"1":1,"2":1,"3":0,"4":1,"5":0,"6":0,"7":0},"b":{"0":[3,0]},"meta":{"lastBranch":1,"lastFunction":8,"lastStatement":31,"seen":{"s:5:6:85:Infinity":0,"f:5:6:5:23":0,"s:6:12:6:30":1,"s:7:10:7:34":2,"s:8:17:8:40":3,"s:9:18:9:42":4,"s:10:17:10:44":5,"s:11:21:11:48":6,"s:12:18:12:42":7,"s:13:4:22:Infinity":8,"f:13:4:13:20":1,"s:14:26:18:Infinity":9,"f:14:26:14:38":2,"s:15:12:18:Infinity":10,"s:16:33:16:62":11,"s:17:29:17:44":12,"s:17:44:17:64":13,"s:17:64:17:86":14,"s:17:86:17:Infinity":15,"s:18:22:18:Infinity":16,"s:21:8:21:Infinity":17,"s:24:25:30:Infinity":18,"f:24:25:24:32":3,"s:24:40:24:60":19,"s:24:60:24:Infinity":20,"s:25:28:25:Infinity":21,"s:27:8:30:Infinity":22,"s:28:12:28:56":23,"s:28:56:28:Infinity":24,"s:30:12:30:Infinity":25,"s:34:4:85:Infinity":26,"b:42:17:42:Infinity:43:20:43:Infinity":0,"f:50:62:50:73":4,"s:50:79:50:102":27,"f:58:64:58:75":5,"s:58:81:58:105":28,"f:65:41:65:52":6,"s:65:58:65:81":29,"f:74:70:74:81":7,"s:74:87:74:114":30}}}
,"C:\\Users\\olesi\\PycharmProjects\\lab6-clinic-solomia\\web-labs\\frontend\\src\\pages\\UsersList.jsx": {"path":"C:\\Users\\olesi\\PycharmProjects\\lab6-clinic-solomia\\web-labs\\frontend\\src\\pages\\UsersList.jsx","statementMap":{"0":{"start":{"line":5,"column":6},"end":{"line":72,"column":null}},"1":{"start":{"line":6,"column":18},"end":{"line":6,"column":42}},"2":{"start":{"line":7,"column":18},"end":{"line":7,"column":42}},"3":{"start":{"line":8,"column":4},"end":{"line":17,"column":null}},"4":{"start":{"line":9,"column":27},"end":{"line":13,"column":null}},"5":{"start":{"line":10,"column":12},"end":{"line":13,"column":null}},"6":{"start":{"line":11,"column":33},"end":{"line":11,"column":56}},"7":{"start":{"line":12,"column":16},"end":{"line":12,"column":null}},"8":{"start":{"line":13,"column":22},"end":{"line":13,"column":null}},"9":{"start":{"line":16,"column":8},"end":{"line":16,"column":null}},"10":{"start":{"line":18,"column":25},"end":{"line":22,"column":null}},"11":{"start":{"line":19,"column":8},"end":{"line":22,"column":null}},"12":{"start":{"line":20,"column":12},"end":{"line":20,"column":null}},"13":{"start":{"line":21,"column":12},"end":{"line":21,"column":null}},"14":{"start":{"line":21,"column":42},"end":{"line":21,"column":57}},"15":{"start":{"line":22,"column":18},"end":{"line":22,"column":null}},"16":{"start":{"line":25,"column":4},"end":{"line":72,"column":null}},"17":{"start":{"line":54,"column":28},"end":{"line":68,"column":null}},"18":{"start":{"line":66,"column":59},"end":{"line":66,"column":80}}},"fnMap":{"0":{"name":"(anonymous_0)","decl":{"start":{"line":5,"column":6},"end":{"line":5,"column":24}},"loc":{"start":{"line":5,"column":24},"end":{"line":72,"column":null}},"line":5},"1":{"name":"(anonymous_1)","decl":{"start":{"line":8,"column":4},"end":{"line":8,"column":20}},"loc":{"start":{"line":8,"column":20},"end":{"line":17,"column":9}},"line":8},"2":{"name":"(anonymous_2)","decl":{"start":{"line":9,"column":27},"end":{"line":9,"column":39}},"loc":{"start":{"line":9,"column":39},"end":{"line":13,"column":null}},"line":9},"3":{"name":"(anonymous_3)","decl":{"start":{"line":18,"column":25},"end":{"line":18,"column":32}},"loc":{"start":{"line":18,"column":39},"end":{"line":22,"column":null}},"line":18},"4":{"name":"(anonymous_4)","decl":{"start":{"line":21,"column":27},"end":{"line":21,"column":34}},"loc":{"start":{"line":21,"column":42},"end":{"line":21,"column":57}},"line":21},"5":{"name":"(anonymous_5)","decl":{"start":{"line":53,"column":31},"end":{"line":53,"column":36}},"loc":{"start":{"line":54,"column":28},"end":{"line":68,"column":null}},"line":54},"6":{"name":"(anonymous_6)","decl":{"start":{"line":66,"column":44},"end":{"line":66,"column":59}},"loc":{"start":{"line":66,"column":59},"end":{"line":66,"column":80}},"line":66}},"branchMap":{"0":{"loc":{"start":{"line":37,"column":13},"end":{"line":39,"column":null}},"type":"binary-expr","locations":[{"start":{"line":37,"column":13},"end":{"line":37,"column":null}},{"start":{"line":38,"column":16},"end":{"line":39,"column":null}}],"line":37}},"s":{"0":2,"1":2,"2":2,"3":2,"4":1,"5":1,"6":1,"7":1,"8":0,"9":1,"10":2,"11":1,"12":1,"13":1,"14":1,"15":0,"16":2,"17":1,"18":1},"f":{"0":2,"1":1,"2":1,"3":1,"4":1,"5":1,"6":1},"b":{"0":[2,0]},"meta":{"lastBranch":1,"lastFunction":7,"lastStatement":19,"seen":{"s:5:6:72:Infinity":0,"f:5:6:5:24":0,"s:6:18:6:42":1,"s:7:18:7:42":2,"s:8:4:17:Infinity":3,"f:8:4:8:20":1,"s:9:27:13:Infinity":4,"f:9:27:9:39":2,"s:10:12:13:Infinity":5,"s:11:33:11:56":6,"s:12:16:12:Infinity":7,"s:13:22:13:Infinity":8,"s:16:8:16:Infinity":9,"s:18:25:22:Infinity":10,"f:18:25:18:32":3,"s:19:8:22:Infinity":11,"s:20:12:20:Infinity":12,"s:21:12:21:Infinity":13,"f:21:27:21:34":4,"s:21:42:21:57":14,"s:22:18:22:Infinity":15,"s:25:4:72:Infinity":16,"b:37:13:37:Infinity:38:16:39:Infinity":0,"f:53:31:53:36":5,"s:54:28:68:Infinity":17,"f:66:44:66:59":6,"s:66:59:66:80":18}}}
}
